<?xml version="1.0" encoding="UTF-8"?>
<!-- Generated by org.testng.reporters.JUnitReportReporter -->
<testsuite skipped="0" hostname="DESKTOP-Katerinka" name="tests.OpenCalculatorPageTest" tests="1" failures="0" timestamp="2020-03-23T09:54:54 MSK" time="31.661" errors="0">
  <testcase name="openCalculatorPage" time="31.661" classname="tests.OpenCalculatorPageTest"/>
  <system-out/>
</testsuite> <!-- tests.OpenCalculatorPageTest -->
